# JRE version: OpenJDK Runtime Environment (11.0.11+9) (build 11.0.11+9-b60-7590822)
# Java VM: OpenJDK 64-Bit Server VM (11.0.11+9-b60-7590822, mixed mode, tiered, compressed oops, g1 gc, windows-amd64)
Heap:
 garbage-first heap   total 377856K, used 222208K [0x0000000080000000, 0x0000000100000000)
  region size 1024K, 22 young (22528K), 11 survivors (11264K)
 Metaspace       used 104218K, capacity 106975K, committed 107136K, reserved 1140736K
  class space    used 13751K, capacity 14849K, committed 14976K, reserved 1048576K
GC Heap History (20 events):
Event: 8.683 GC heap before
{Heap before GC invocations=21 (full 0):
 garbage-first heap   total 225280K, used 177821K [0x0000000080000000, 0x0000000100000000)
  region size 1024K, 91 young (93184K), 12 survivors (12288K)
 Metaspace       used 94857K, capacity 97515K, committed 97664K, reserved 1134592K
  class space    used 12365K, capacity 13348K, committed 13440K, reserved 1048576K
}
Event: 8.691 GC heap after
{Heap after GC invocations=22 (full 0):
 garbage-first heap   total 225280K, used 116851K [0x0000000080000000, 0x0000000100000000)
  region size 1024K, 12 young (12288K), 12 survivors (12288K)
 Metaspace       used 94857K, capacity 97515K, committed 97664K, reserved 1134592K
  class space    used 12365K, capacity 13348K, committed 13440K, reserved 1048576K
}
Event: 8.855 GC heap before
{Heap before GC invocations=22 (full 0):
 garbage-first heap   total 225280K, used 177267K [0x0000000080000000, 0x0000000100000000)
  region size 1024K, 72 young (73728K), 12 survivors (12288K)
 Metaspace       used 97608K, capacity 100379K, committed 100480K, reserved 1136640K
  class space    used 12789K, capacity 13853K, committed 13952K, reserved 1048576K
}
Event: 8.863 GC heap after
{Heap after GC invocations=23 (full 0):
 garbage-first heap   total 225280K, used 125620K [0x0000000080000000, 0x0000000100000000)
  region size 1024K, 9 young (9216K), 9 survivors (9216K)
 Metaspace       used 97608K, capacity 100379K, committed 100480K, reserved 1136640K
  class space    used 12789K, capacity 13853K, committed 13952K, reserved 1048576K
}
Event: 9.012 GC heap before
{Heap before GC invocations=23 (full 0):
 garbage-first heap   total 225280K, used 176820K [0x0000000080000000, 0x0000000100000000)
  region size 1024K, 60 young (61440K), 9 survivors (9216K)
 Metaspace       used 97740K, capacity 100124K, committed 101120K, reserved 1136640K
  class space    used 12701K, capacity 13606K, committed 13952K, reserved 1048576K
}
Event: 9.023 GC heap after
{Heap after GC invocations=24 (full 0):
 garbage-first heap   total 225280K, used 137046K [0x0000000080000000, 0x0000000100000000)
  region size 1024K, 8 young (8192K), 8 survivors (8192K)
 Metaspace       used 97740K, capacity 100124K, committed 101120K, reserved 1136640K
  class space    used 12701K, capacity 13606K, committed 13952K, reserved 1048576K
}
Event: 9.097 GC heap before
{Heap before GC invocations=25 (full 0):
 garbage-first heap   total 225280K, used 180054K [0x0000000080000000, 0x0000000100000000)
  region size 1024K, 51 young (52224K), 8 survivors (8192K)
 Metaspace       used 98785K, capacity 101213K, committed 102272K, reserved 1136640K
  class space    used 12851K, capacity 13777K, committed 14208K, reserved 1048576K
}
Event: 9.112 GC heap after
{Heap after GC invocations=26 (full 0):
 garbage-first heap   total 270336K, used 147276K [0x0000000080000000, 0x0000000100000000)
  region size 1024K, 7 young (7168K), 7 survivors (7168K)
 Metaspace       used 98785K, capacity 101213K, committed 102272K, reserved 1136640K
  class space    used 12851K, capacity 13777K, committed 14208K, reserved 1048576K
}
Event: 9.210 GC heap before
{Heap before GC invocations=26 (full 0):
 garbage-first heap   total 270336K, used 203596K [0x0000000080000000, 0x0000000100000000)
  region size 1024K, 62 young (63488K), 7 survivors (7168K)
 Metaspace       used 99879K, capacity 102413K, committed 103040K, reserved 1138688K
  class space    used 13034K, capacity 14032K, committed 14208K, reserved 1048576K
}
Event: 9.223 GC heap after
{Heap after GC invocations=27 (full 0):
 garbage-first heap   total 270336K, used 158214K [0x0000000080000000, 0x0000000100000000)
  region size 1024K, 8 young (8192K), 8 survivors (8192K)
 Metaspace       used 99879K, capacity 102413K, committed 103040K, reserved 1138688K
  class space    used 13034K, capacity 14032K, committed 14208K, reserved 1048576K
}
Event: 9.307 GC heap before
{Heap before GC invocations=27 (full 0):
 garbage-first heap   total 270336K, used 210438K [0x0000000080000000, 0x0000000100000000)
  region size 1024K, 59 young (60416K), 8 survivors (8192K)
 Metaspace       used 100534K, capacity 103137K, committed 103680K, reserved 1138688K
  class space    used 13130K, capacity 14142K, committed 14336K, reserved 1048576K
}
Event: 9.319 GC heap after
{Heap after GC invocations=28 (full 0):
 garbage-first heap   total 270336K, used 168167K [0x0000000080000000, 0x0000000100000000)
  region size 1024K, 8 young (8192K), 8 survivors (8192K)
 Metaspace       used 100534K, capacity 103137K, committed 103680K, reserved 1138688K
  class space    used 13130K, capacity 14142K, committed 14336K, reserved 1048576K
}
Event: 9.371 GC heap before
{Heap before GC invocations=28 (full 0):
 garbage-first heap   total 270336K, used 216295K [0x0000000080000000, 0x0000000100000000)
  region size 1024K, 55 young (56320K), 8 survivors (8192K)
 Metaspace       used 100853K, capacity 103456K, committed 103936K, reserved 1138688K
  class space    used 13188K, capacity 14206K, committed 14336K, reserved 1048576K
}
Event: 9.384 GC heap after
{Heap after GC invocations=29 (full 0):
 garbage-first heap   total 270336K, used 177152K [0x0000000080000000, 0x0000000100000000)
  region size 1024K, 7 young (7168K), 7 survivors (7168K)
 Metaspace       used 100853K, capacity 103456K, committed 103936K, reserved 1138688K
  class space    used 13188K, capacity 14206K, committed 14336K, reserved 1048576K
}
Event: 9.443 GC heap before
{Heap before GC invocations=29 (full 0):
 garbage-first heap   total 270336K, used 221184K [0x0000000080000000, 0x0000000100000000)
  region size 1024K, 50 young (51200K), 7 survivors (7168K)
 Metaspace       used 100871K, capacity 103349K, committed 104192K, reserved 1138688K
  class space    used 13158K, capacity 14110K, committed 14336K, reserved 1048576K
}
Event: 9.457 GC heap after
{Heap after GC invocations=30 (full 0):
 garbage-first heap   total 377856K, used 186030K [0x0000000080000000, 0x0000000100000000)
  region size 1024K, 7 young (7168K), 7 survivors (7168K)
 Metaspace       used 100871K, capacity 103349K, committed 104192K, reserved 1138688K
  class space    used 13158K, capacity 14110K, committed 14336K, reserved 1048576K
}
Event: 9.556 GC heap before
{Heap before GC invocations=31 (full 0):
 garbage-first heap   total 377856K, used 264878K [0x0000000080000000, 0x0000000100000000)
  region size 1024K, 84 young (86016K), 7 survivors (7168K)
 Metaspace       used 101347K, capacity 103905K, committed 104576K, reserved 1138688K
  class space    used 13238K, capacity 14232K, committed 14464K, reserved 1048576K
}
Event: 9.573 GC heap after
{Heap after GC invocations=32 (full 0):
 garbage-first heap   total 377856K, used 199484K [0x0000000080000000, 0x0000000100000000)
  region size 1024K, 11 young (11264K), 11 survivors (11264K)
 Metaspace       used 101347K, capacity 103905K, committed 104576K, reserved 1138688K
  class space    used 13238K, capacity 14232K, committed 14464K, reserved 1048576K
}
Event: 9.705 GC heap before
{Heap before GC invocations=32 (full 0):
 garbage-first heap   total 377856K, used 276284K [0x0000000080000000, 0x0000000100000000)
  region size 1024K, 87 young (89088K), 11 survivors (11264K)
 Metaspace       used 103976K, capacity 106708K, committed 107008K, reserved 1140736K
  class space    used 13728K, capacity 14804K, committed 14848K, reserved 1048576K
}
Event: 9.730 GC heap after
{Heap after GC invocations=33 (full 0):
 garbage-first heap   total 377856K, used 211968K [0x0000000080000000, 0x0000000100000000)
  region size 1024K, 11 young (11264K), 11 survivors (11264K)
 Metaspace       used 103976K, capacity 106708K, committed 107008K, reserved 1140736K
  class space    used 13728K, capacity 14804K, committed 14848K, reserved 1048576K
}

