# JRE version: OpenJDK Runtime Environment (11.0.11+9) (build 11.0.11+9-b60-7590822)
# Java VM: OpenJDK 64-Bit Server VM (11.0.11+9-b60-7590822, mixed mode, tiered, compressed oops, g1 gc, windows-amd64)
Heap:
 garbage-first heap   total 860160K, used 243645K [0x0000000080000000, 0x0000000100000000)
  region size 1024K, 11 young (11264K), 11 survivors (11264K)
 Metaspace       used 147153K, capacity 151425K, committed 151580K, reserved 1179648K
  class space    used 19309K, capacity 20898K, committed 20940K, reserved 1048576K
GC Heap History (20 events):
Event: 72.168 GC heap after
{Heap after GC invocations=74 (full 0):
 garbage-first heap   total 225280K, used 180943K [0x0000000080000000, 0x0000000100000000)
  region size 1024K, 3 young (3072K), 3 survivors (3072K)
 Metaspace       used 137804K, capacity 141577K, committed 141852K, reserved 1171456K
  class space    used 17931K, capacity 19313K, committed 19404K, reserved 1048576K
}
Event: 72.182 GC heap before
{Heap before GC invocations=74 (full 0):
 garbage-first heap   total 225280K, used 193231K [0x0000000080000000, 0x0000000100000000)
  region size 1024K, 16 young (16384K), 3 survivors (3072K)
 Metaspace       used 137969K, capacity 141782K, committed 141852K, reserved 1171456K
  class space    used 17959K, capacity 19365K, committed 19404K, reserved 1048576K
}
Event: 72.183 GC heap after
{Heap after GC invocations=75 (full 0):
 garbage-first heap   total 225280K, used 183491K [0x0000000080000000, 0x0000000100000000)
  region size 1024K, 2 young (2048K), 2 survivors (2048K)
 Metaspace       used 137969K, capacity 141782K, committed 141852K, reserved 1171456K
  class space    used 17959K, capacity 19365K, committed 19404K, reserved 1048576K
}
Event: 72.249 GC heap before
{Heap before GC invocations=76 (full 0):
 garbage-first heap   total 225280K, used 193731K [0x0000000080000000, 0x0000000100000000)
  region size 1024K, 13 young (13312K), 2 survivors (2048K)
 Metaspace       used 138830K, capacity 142669K, committed 142748K, reserved 1173504K
  class space    used 18087K, capacity 19491K, committed 19532K, reserved 1048576K
}
Event: 72.253 GC heap after
{Heap after GC invocations=77 (full 0):
 garbage-first heap   total 270336K, used 185806K [0x0000000080000000, 0x0000000100000000)
  region size 1024K, 2 young (2048K), 2 survivors (2048K)
 Metaspace       used 138830K, capacity 142669K, committed 142748K, reserved 1173504K
  class space    used 18087K, capacity 19491K, committed 19532K, reserved 1048576K
}
Event: 72.290 GC heap before
{Heap before GC invocations=77 (full 0):
 garbage-first heap   total 270336K, used 197070K [0x0000000080000000, 0x0000000100000000)
  region size 1024K, 13 young (13312K), 2 survivors (2048K)
 Metaspace       used 139533K, capacity 143378K, committed 143644K, reserved 1173504K
  class space    used 18177K, capacity 19598K, committed 19660K, reserved 1048576K
}
Event: 72.294 GC heap after
{Heap after GC invocations=78 (full 0):
 garbage-first heap   total 270336K, used 188203K [0x0000000080000000, 0x0000000100000000)
  region size 1024K, 2 young (2048K), 2 survivors (2048K)
 Metaspace       used 139533K, capacity 143378K, committed 143644K, reserved 1173504K
  class space    used 18177K, capacity 19598K, committed 19660K, reserved 1048576K
}
Event: 72.353 GC heap before
{Heap before GC invocations=78 (full 0):
 garbage-first heap   total 270336K, used 215851K [0x0000000080000000, 0x0000000100000000)
  region size 1024K, 29 young (29696K), 2 survivors (2048K)
 Metaspace       used 140387K, capacity 144217K, committed 144540K, reserved 1173504K
  class space    used 18277K, capacity 19703K, committed 19788K, reserved 1048576K
}
Event: 72.359 GC heap after
{Heap after GC invocations=79 (full 0):
 garbage-first heap   total 270336K, used 193523K [0x0000000080000000, 0x0000000100000000)
  region size 1024K, 4 young (4096K), 4 survivors (4096K)
 Metaspace       used 140387K, capacity 144217K, committed 144540K, reserved 1173504K
  class space    used 18277K, capacity 19703K, committed 19788K, reserved 1048576K
}
Event: 72.446 GC heap before
{Heap before GC invocations=79 (full 0):
 garbage-first heap   total 270336K, used 220147K [0x0000000080000000, 0x0000000100000000)
  region size 1024K, 30 young (30720K), 4 survivors (4096K)
 Metaspace       used 140978K, capacity 144875K, committed 145180K, reserved 1175552K
  class space    used 18374K, capacity 19821K, committed 19916K, reserved 1048576K
}
Event: 72.454 GC heap after
{Heap after GC invocations=80 (full 0):
 garbage-first heap   total 270336K, used 198607K [0x0000000080000000, 0x0000000100000000)
  region size 1024K, 4 young (4096K), 4 survivors (4096K)
 Metaspace       used 140978K, capacity 144875K, committed 145180K, reserved 1175552K
  class space    used 18374K, capacity 19821K, committed 19916K, reserved 1048576K
}
Event: 72.527 GC heap before
{Heap before GC invocations=80 (full 0):
 garbage-first heap   total 270336K, used 224207K [0x0000000080000000, 0x0000000100000000)
  region size 1024K, 29 young (29696K), 4 survivors (4096K)
 Metaspace       used 141280K, capacity 145107K, committed 145564K, reserved 1175552K
  class space    used 18404K, capacity 19826K, committed 20044K, reserved 1048576K
}
Event: 72.536 GC heap after
{Heap after GC invocations=81 (full 0):
 garbage-first heap   total 486400K, used 204199K [0x0000000080000000, 0x0000000100000000)
  region size 1024K, 4 young (4096K), 4 survivors (4096K)
 Metaspace       used 141280K, capacity 145107K, committed 145564K, reserved 1175552K
  class space    used 18404K, capacity 19826K, committed 20044K, reserved 1048576K
}
Event: 72.697 GC heap before
{Heap before GC invocations=82 (full 0):
 garbage-first heap   total 486400K, used 299431K [0x0000000080000000, 0x0000000100000000)
  region size 1024K, 98 young (100352K), 4 survivors (4096K)
 Metaspace       used 143070K, capacity 147000K, committed 147228K, reserved 1177600K
  class space    used 18714K, capacity 20159K, committed 20172K, reserved 1048576K
}
Event: 72.713 GC heap after
{Heap after GC invocations=83 (full 0):
 garbage-first heap   total 486400K, used 220539K [0x0000000080000000, 0x0000000100000000)
  region size 1024K, 13 young (13312K), 13 survivors (13312K)
 Metaspace       used 143070K, capacity 147000K, committed 147228K, reserved 1177600K
  class space    used 18714K, capacity 20159K, committed 20172K, reserved 1048576K
}
Event: 72.914 GC heap before
{Heap before GC invocations=83 (full 0):
 garbage-first heap   total 486400K, used 321915K [0x0000000080000000, 0x0000000100000000)
  region size 1024K, 112 young (114688K), 13 survivors (13312K)
 Metaspace       used 145127K, capacity 149134K, committed 149404K, reserved 1177600K
  class space    used 19040K, capacity 20522K, committed 20556K, reserved 1048576K
}
Event: 72.930 GC heap after
{Heap after GC invocations=84 (full 0):
 garbage-first heap   total 486400K, used 233381K [0x0000000080000000, 0x0000000100000000)
  region size 1024K, 12 young (12288K), 12 survivors (12288K)
 Metaspace       used 145127K, capacity 149134K, committed 149404K, reserved 1177600K
  class space    used 19040K, capacity 20522K, committed 20556K, reserved 1048576K
}
Event: 73.209 GC heap before
{Heap before GC invocations=84 (full 0):
 garbage-first heap   total 486400K, used 336805K [0x0000000080000000, 0x0000000100000000)
  region size 1024K, 114 young (116736K), 12 survivors (12288K)
 Metaspace       used 146617K, capacity 150858K, committed 151068K, reserved 1179648K
  class space    used 19251K, capacity 20818K, committed 20940K, reserved 1048576K
}
Event: 73.218 GC heap after
{Heap after GC invocations=85 (full 0):
 garbage-first heap   total 486400K, used 236927K [0x0000000080000000, 0x0000000100000000)
  region size 1024K, 4 young (4096K), 4 survivors (4096K)
 Metaspace       used 146617K, capacity 150858K, committed 151068K, reserved 1179648K
  class space    used 19251K, capacity 20818K, committed 20940K, reserved 1048576K
}
Event: 73.457 GC heap before
{Heap before GC invocations=85 (full 0):
 garbage-first heap   total 486400K, used 349567K [0x0000000080000000, 0x0000000100000000)
  region size 1024K, 115 young (117760K), 4 survivors (4096K)
 Metaspace       used 147153K, capacity 151425K, committed 151580K, reserved 1179648K
  class space    used 19309K, capacity 20898K, committed 20940K, reserved 1048576K
}

