# JRE version: OpenJDK Runtime Environment (11.0.11+9) (build 11.0.11+9-b60-7590822)
# Java VM: OpenJDK 64-Bit Server VM (11.0.11+9-b60-7590822, mixed mode, tiered, compressed oops, g1 gc, windows-amd64)
Heap:
 garbage-first heap   total 483328K, used 334854K [0x0000000080000000, 0x0000000100000000)
  region size 1024K, 143 young (146432K), 19 survivors (19456K)
 Metaspace       used 106789K, capacity 109513K, committed 109648K, reserved 1144832K
  class space    used 13894K, capacity 14960K, committed 15052K, reserved 1048576K
GC Heap History (20 events):
Event: 9.481 GC heap before
{Heap before GC invocations=28 (full 0):
 garbage-first heap   total 270336K, used 212970K [0x0000000080000000, 0x0000000100000000)
  region size 1024K, 65 young (66560K), 9 survivors (9216K)
 Metaspace       used 101592K, capacity 104146K, committed 104784K, reserved 1140736K
  class space    used 13336K, capacity 14331K, committed 14540K, reserved 1048576K
}
Event: 9.496 GC heap after
{Heap after GC invocations=29 (full 0):
 garbage-first heap   total 270336K, used 165888K [0x0000000080000000, 0x0000000100000000)
  region size 1024K, 9 young (9216K), 9 survivors (9216K)
 Metaspace       used 101592K, capacity 104146K, committed 104784K, reserved 1140736K
  class space    used 13336K, capacity 14331K, committed 14540K, reserved 1048576K
}
Event: 9.692 GC heap before
{Heap before GC invocations=29 (full 0):
 garbage-first heap   total 270336K, used 218112K [0x0000000080000000, 0x0000000100000000)
  region size 1024K, 60 young (61440K), 9 survivors (9216K)
 Metaspace       used 102949K, capacity 105420K, committed 106064K, reserved 1140736K
  class space    used 13529K, capacity 14497K, committed 14796K, reserved 1048576K
}
Event: 9.706 GC heap after
{Heap after GC invocations=30 (full 0):
 garbage-first heap   total 270336K, used 174567K [0x0000000080000000, 0x0000000100000000)
  region size 1024K, 8 young (8192K), 8 survivors (8192K)
 Metaspace       used 102949K, capacity 105420K, committed 106064K, reserved 1140736K
  class space    used 13529K, capacity 14497K, committed 14796K, reserved 1048576K
}
Event: 9.852 GC heap before
{Heap before GC invocations=31 (full 0):
 garbage-first heap   total 270336K, used 221671K [0x0000000080000000, 0x0000000100000000)
  region size 1024K, 54 young (55296K), 8 survivors (8192K)
 Metaspace       used 103423K, capacity 105980K, committed 106576K, reserved 1140736K
  class space    used 13611K, capacity 14598K, committed 14796K, reserved 1048576K
}
Event: 9.863 GC heap after
{Heap after GC invocations=32 (full 0):
 garbage-first heap   total 388096K, used 180224K [0x0000000080000000, 0x0000000100000000)
  region size 1024K, 6 young (6144K), 6 survivors (6144K)
 Metaspace       used 103423K, capacity 105980K, committed 106576K, reserved 1140736K
  class space    used 13611K, capacity 14598K, committed 14796K, reserved 1048576K
}
Event: 10.105 GC heap before
{Heap before GC invocations=32 (full 0):
 garbage-first heap   total 388096K, used 269312K [0x0000000080000000, 0x0000000100000000)
  region size 1024K, 93 young (95232K), 6 survivors (6144K)
 Metaspace       used 104641K, capacity 107238K, committed 107472K, reserved 1142784K
  class space    used 13769K, capacity 14780K, committed 14924K, reserved 1048576K
}
Event: 10.113 GC heap after
{Heap after GC invocations=33 (full 0):
 garbage-first heap   total 388096K, used 187102K [0x0000000080000000, 0x0000000100000000)
  region size 1024K, 12 young (12288K), 12 survivors (12288K)
 Metaspace       used 104641K, capacity 107238K, committed 107472K, reserved 1142784K
  class space    used 13769K, capacity 14780K, committed 14924K, reserved 1048576K
}
Event: 10.375 GC heap before
{Heap before GC invocations=33 (full 0):
 garbage-first heap   total 388096K, used 282334K [0x0000000080000000, 0x0000000100000000)
  region size 1024K, 105 young (107520K), 12 survivors (12288K)
 Metaspace       used 105387K, capacity 108115K, committed 108368K, reserved 1142784K
  class space    used 13867K, capacity 14964K, committed 15052K, reserved 1048576K
}
Event: 10.385 GC heap after
{Heap after GC invocations=34 (full 0):
 garbage-first heap   total 388096K, used 188788K [0x0000000080000000, 0x0000000100000000)
  region size 1024K, 3 young (3072K), 3 survivors (3072K)
 Metaspace       used 105387K, capacity 108115K, committed 108368K, reserved 1142784K
  class space    used 13867K, capacity 14964K, committed 15052K, reserved 1048576K
}
Event: 10.742 GC heap before
{Heap before GC invocations=35 (full 0):
 garbage-first heap   total 388096K, used 287092K [0x0000000080000000, 0x0000000100000000)
  region size 1024K, 100 young (102400K), 3 survivors (3072K)
 Metaspace       used 105790K, capacity 108518K, committed 108880K, reserved 1142784K
  class space    used 13865K, capacity 14945K, committed 15052K, reserved 1048576K
}
Event: 10.748 GC heap after
{Heap after GC invocations=36 (full 0):
 garbage-first heap   total 388096K, used 194064K [0x0000000080000000, 0x0000000100000000)
  region size 1024K, 8 young (8192K), 8 survivors (8192K)
 Metaspace       used 105790K, capacity 108518K, committed 108880K, reserved 1142784K
  class space    used 13865K, capacity 14945K, committed 15052K, reserved 1048576K
}
Event: 10.906 GC heap before
{Heap before GC invocations=36 (full 0):
 garbage-first heap   total 388096K, used 303632K [0x0000000080000000, 0x0000000100000000)
  region size 1024K, 116 young (118784K), 8 survivors (8192K)
 Metaspace       used 105823K, capacity 108530K, committed 108880K, reserved 1142784K
  class space    used 13871K, capacity 14949K, committed 15052K, reserved 1048576K
}
Event: 10.916 GC heap after
{Heap after GC invocations=37 (full 0):
 garbage-first heap   total 388096K, used 196775K [0x0000000080000000, 0x0000000100000000)
  region size 1024K, 11 young (11264K), 11 survivors (11264K)
 Metaspace       used 105823K, capacity 108530K, committed 108880K, reserved 1142784K
  class space    used 13871K, capacity 14949K, committed 15052K, reserved 1048576K
}
Event: 11.272 GC heap before
{Heap before GC invocations=38 (full 0):
 garbage-first heap   total 388096K, used 307367K [0x0000000080000000, 0x0000000100000000)
  region size 1024K, 120 young (122880K), 11 survivors (11264K)
 Metaspace       used 105931K, capacity 108676K, committed 108880K, reserved 1142784K
  class space    used 13882K, capacity 14954K, committed 15052K, reserved 1048576K
}
Event: 11.282 GC heap after
{Heap after GC invocations=39 (full 0):
 garbage-first heap   total 483328K, used 198824K [0x0000000080000000, 0x0000000100000000)
  region size 1024K, 8 young (8192K), 8 survivors (8192K)
 Metaspace       used 105931K, capacity 108676K, committed 108880K, reserved 1142784K
  class space    used 13882K, capacity 14954K, committed 15052K, reserved 1048576K
}
Event: 11.599 GC heap before
{Heap before GC invocations=39 (full 0):
 garbage-first heap   total 483328K, used 399528K [0x0000000080000000, 0x0000000100000000)
  region size 1024K, 204 young (208896K), 8 survivors (8192K)
 Metaspace       used 106382K, capacity 109016K, committed 109136K, reserved 1142784K
  class space    used 13891K, capacity 14955K, committed 15052K, reserved 1048576K
}
Event: 11.606 GC heap after
{Heap after GC invocations=40 (full 0):
 garbage-first heap   total 483328K, used 202636K [0x0000000080000000, 0x0000000100000000)
  region size 1024K, 12 young (12288K), 12 survivors (12288K)
 Metaspace       used 106382K, capacity 109016K, committed 109136K, reserved 1142784K
  class space    used 13891K, capacity 14955K, committed 15052K, reserved 1048576K
}
Event: 11.816 GC heap before
{Heap before GC invocations=40 (full 0):
 garbage-first heap   total 483328K, used 397196K [0x0000000080000000, 0x0000000100000000)
  region size 1024K, 203 young (207872K), 12 survivors (12288K)
 Metaspace       used 106562K, capacity 109236K, committed 109392K, reserved 1144832K
  class space    used 13894K, capacity 14960K, committed 15052K, reserved 1048576K
}
Event: 11.825 GC heap after
{Heap after GC invocations=41 (full 0):
 garbage-first heap   total 483328K, used 209926K [0x0000000080000000, 0x0000000100000000)
  region size 1024K, 19 young (19456K), 19 survivors (19456K)
 Metaspace       used 106562K, capacity 109236K, committed 109392K, reserved 1144832K
  class space    used 13894K, capacity 14960K, committed 15052K, reserved 1048576K
}

